<?xml version="1.0" encoding="UTF-8"?>
<!-- Generated by org.testng.reporters.JUnitReportReporter -->
<testsuite hostname="LAPTOP-MEPEUPFP" failures="0" tests="4" name="runner.CucumberRunnerTests" time="42.390" errors="0" timestamp="2025-05-01T22:19:15 IST" skipped="0">
  <testcase classname="runner.CucumberRunnerTests" name="runScenario" time="21.855"/>
  <testcase classname="runner.CucumberRunnerTests" name="runScenario" time="7.350"/>
  <testcase classname="runner.CucumberRunnerTests" name="runScenario" time="6.756"/>
  <testcase classname="runner.CucumberRunnerTests" name="runScenario" time="6.429"/>
</testsuite> <!-- runner.CucumberRunnerTests -->
